2025-05-06 12:43:18,within comfort range
2025-05-06 12:44:18,within comfort range
2025-05-06 12:45:18,within comfort range
2025-05-06 12:46:18,within comfort range
2025-05-06 12:47:18,lower setpoint
2025-05-06 12:48:18,lower setpoint
2025-05-06 12:49:18,lower setpoint
2025-05-06 12:50:18,lower setpoint
2025-05-06 12:51:19,lower setpoint
2025-05-06 12:52:19,lower setpoint
2025-05-06 12:53:19,lower setpoint
2025-05-06 12:54:19,raise setpoint
2025-05-06 12:55:19,raise setpoint
2025-05-06 12:56:19,raise setpoint
2025-05-06 12:57:19,raise setpoint
2025-05-06 12:58:19,raise setpoint
2025-05-06 12:59:19,raise setpoint
2025-05-06 13:00:19,raise setpoint
2025-05-06 13:01:19,raise setpoint
2025-05-06 13:02:19,raise setpoint
2025-05-06 13:03:19,raise setpoint
2025-05-06 13:04:19,raise setpoint
2025-05-06 13:05:19,no action needed (unoccupied)
2025-05-06 13:06:19,no action needed (unoccupied)
2025-05-06 13:07:19,no action needed (unoccupied)
2025-05-06 13:08:19,no action needed (unoccupied)
2025-05-06 13:09:19,no action needed (unoccupied)
2025-05-06 13:10:19,no action needed (unoccupied)
2025-05-06 13:11:19,no action needed (unoccupied)
2025-05-06 13:12:21,no action needed (unoccupied)
2025-05-06 13:13:21,no action needed (unoccupied)
2025-05-06 13:14:21,no action needed (unoccupied)
2025-05-06 13:15:21,no action needed (unoccupied)
2025-05-06 13:16:21,no action needed (unoccupied)
2025-05-06 13:17:21,no action needed (unoccupied)
2025-05-06 13:18:21,no action needed (unoccupied)
2025-05-06 13:19:21,no action needed (unoccupied)
2025-05-06 13:20:21,no action needed (unoccupied)
2025-05-06 13:21:21,no action needed (unoccupied)
2025-05-06 13:22:21,no action needed (unoccupied)
2025-05-06 13:23:21,no action needed (unoccupied)
2025-05-06 13:24:21,no action needed (unoccupied)
2025-05-06 13:25:21,no action needed (unoccupied)
2025-05-06 13:26:21,no action needed (unoccupied)
2025-05-06 13:27:21,no action needed (unoccupied)
2025-05-06 13:28:21,no action needed (unoccupied)
2025-05-06 13:29:21,lower setpoint (unoccupied)
2025-05-06 13:30:21,lower setpoint (unoccupied)
2025-05-06 13:31:21,lower setpoint (unoccupied)
2025-05-06 13:32:21,lower setpoint (unoccupied)
2025-05-06 13:33:21,lower setpoint (unoccupied)
2025-05-06 13:34:21,lower setpoint (unoccupied)
2025-05-06 13:35:21,lower setpoint (unoccupied)
2025-05-06 13:36:21,lower setpoint (unoccupied)
2025-05-06 13:37:21,lower setpoint (unoccupied)
2025-05-06 13:39:13,lower setpoint (unoccupied)
2025-05-06 13:40:13,lower setpoint (unoccupied)
2025-05-06 13:41:13,lower setpoint (unoccupied)
2025-05-06 13:42:13,lower setpoint (unoccupied)
2025-05-06 13:43:13,lower setpoint (unoccupied)
2025-05-06 13:44:13,lower setpoint (unoccupied)
2025-05-06 13:45:13,lower setpoint (unoccupied)
2025-05-06 13:46:13,no action needed (unoccupied)
2025-05-06 13:47:13,no action needed (unoccupied)
2025-05-06 15:18:01,raise setpoint
2025-05-06 15:19:01,raise setpoint
2025-05-06 15:20:01,raise setpoint
2025-05-06 15:21:01,raise setpoint
2025-05-06 15:22:01,raise setpoint
2025-05-06 15:23:01,raise setpoint
2025-05-06 15:24:01,raise setpoint
2025-05-06 15:25:01,raise setpoint
2025-05-06 15:26:01,raise setpoint
2025-05-06 15:27:01,raise setpoint
2025-05-06 15:28:01,raise setpoint
2025-05-06 15:29:01,lower setpoint
2025-05-06 15:30:01,lower setpoint
2025-05-06 15:31:01,lower setpoint
2025-05-06 15:32:01,lower setpoint
2025-05-06 15:33:01,lower setpoint
2025-05-06 15:34:01,raise setpoint
2025-05-06 15:35:01,raise setpoint
2025-05-06 15:36:01,raise setpoint
2025-05-06 15:37:01,within comfort range
2025-05-06 15:38:01,within comfort range
2025-05-06 15:39:01,lower setpoint
2025-05-06 15:40:01,lower setpoint
2025-05-06 15:41:01,lower setpoint
2025-05-06 15:42:01,lower setpoint
2025-05-06 15:43:01,lower setpoint
2025-05-06 15:44:01,lower setpoint
2025-05-06 15:45:01,lower setpoint
2025-05-06 15:46:01,lower setpoint
2025-05-06 15:47:01,lower setpoint
2025-05-06 15:48:01,lower setpoint
2025-05-06 15:49:01,lower setpoint
2025-05-06 15:50:01,lower setpoint
2025-05-06 15:51:01,lower setpoint
2025-05-06 15:52:01,lower setpoint
2025-05-06 15:53:01,raise setpoint
2025-05-06 15:54:02,raise setpoint
2025-05-06 15:55:02,raise setpoint
2025-05-06 15:56:02,raise setpoint
2025-05-06 15:57:02,raise setpoint
2025-05-06 15:58:02,raise setpoint
2025-05-06 15:59:02,raise setpoint
2025-05-06 16:00:02,raise setpoint
2025-05-06 16:01:02,raise setpoint
2025-05-06 16:02:02,raise setpoint
2025-05-06 16:03:02,lower setpoint
2025-05-06 16:04:02,lower setpoint
2025-05-06 16:05:02,lower setpoint
2025-05-06 16:06:02,lower setpoint
2025-05-06 16:07:02,lower setpoint
2025-05-06 16:08:02,lower setpoint
2025-05-06 16:09:02,lower setpoint
2025-05-06 16:10:02,lower setpoint
2025-05-06 16:11:02,lower setpoint
2025-05-06 16:12:02,lower setpoint
2025-05-06 16:13:02,lower setpoint
2025-05-06 16:14:02,lower setpoint
2025-05-06 16:15:02,lower setpoint
2025-05-06 16:16:02,lower setpoint
2025-05-06 16:17:02,lower setpoint
2025-05-06 16:18:02,lower setpoint
2025-05-06 16:19:02,lower setpoint
2025-05-06 16:20:02,lower setpoint
2025-05-06 16:21:02,lower setpoint
2025-05-06 16:22:02,lower setpoint
2025-05-06 16:23:02,lower setpoint
2025-05-06 16:24:02,lower setpoint
2025-05-06 16:25:02,lower setpoint
2025-05-06 16:26:02,lower setpoint
2025-05-06 16:27:02,lower setpoint
2025-05-06 16:28:02,lower setpoint
2025-05-06 16:29:02,within comfort range
2025-05-06 16:30:02,within comfort range
2025-05-06 16:31:02,within comfort range
2025-05-06 16:32:02,within comfort range
2025-05-06 16:33:02,within comfort range
2025-05-06 16:34:02,within comfort range
2025-05-06 16:35:02,within comfort range
2025-05-06 16:36:02,within comfort range
2025-05-06 16:37:02,within comfort range
2025-05-06 16:38:02,within comfort range
2025-05-06 16:39:02,within comfort range
2025-05-06 16:40:02,within comfort range
2025-05-06 16:41:02,within comfort range
2025-05-06 16:42:02,within comfort range
2025-05-06 16:43:02,within comfort range
2025-05-06 16:44:02,within comfort range
2025-05-06 16:45:02,within comfort range
2025-05-07 10:59:39,no action needed (unoccupied)
2025-05-07 11:00:39,within comfort range
2025-05-07 11:01:39,lower setpoint (unoccupied)
2025-05-07 11:02:39,lower setpoint
2025-05-07 11:03:39,raise setpoint
2025-05-07 11:04:39,no action needed (unoccupied)
2025-05-07 11:05:39,lower setpoint
2025-05-07 11:06:39,raise setpoint
2025-05-07 11:07:39,no action needed (unoccupied)
2025-05-07 11:08:40,within comfort range
2025-05-07 11:09:40,lower setpoint (unoccupied)
2025-05-07 11:10:40,lower setpoint
2025-05-07 11:11:40,raise setpoint
2025-05-07 11:12:40,no action needed (unoccupied)
2025-05-07 11:13:40,lower setpoint
2025-05-07 11:14:40,raise setpoint
2025-05-07 11:18:45,no action needed (unoccupied)
2025-05-07 11:19:45,within comfort range
2025-05-07 11:20:45,lower setpoint (unoccupied)
2025-05-07 11:21:45,lower setpoint
2025-05-07 11:22:45,raise setpoint
2025-05-07 11:23:45,no action needed (unoccupied)
2025-05-07 11:24:45,lower setpoint
2025-05-07 11:25:45,raise setpoint
2025-05-07 11:26:45,no action needed (unoccupied)
2025-05-07 11:27:45,within comfort range
2025-05-07 11:28:45,lower setpoint (unoccupied)
2025-05-07 11:29:45,lower setpoint
2025-05-07 11:30:45,raise setpoint
2025-05-07 11:31:45,no action needed (unoccupied)
2025-05-07 11:32:45,lower setpoint
2025-05-07 11:33:45,raise setpoint
2025-05-07 11:34:45,no action needed (unoccupied)
2025-05-07 11:35:45,within comfort range
2025-05-07 11:36:45,lower setpoint (unoccupied)
2025-05-07 11:37:45,lower setpoint
2025-05-07 11:38:45,no action needed (unoccupied)
2025-05-07 11:39:45,no action needed (unoccupied)
2025-05-07 11:40:45,lower setpoint
2025-05-07 11:41:45,raise setpoint
2025-05-07 11:42:45,no action needed (unoccupied)
2025-05-07 11:43:45,within comfort range
2025-05-07 11:44:45,lower setpoint (unoccupied)
2025-05-07 11:45:45,lower setpoint
2025-05-07 11:46:45,raise setpoint
2025-05-07 11:47:45,no action needed (unoccupied)
2025-05-07 11:48:45,lower setpoint
2025-05-07 11:49:45,raise setpoint
2025-05-07 11:50:45,no action needed (unoccupied)
2025-05-07 11:51:45,within comfort range
2025-05-07 11:52:45,lower setpoint (unoccupied)
2025-05-07 11:53:45,lower setpoint
2025-05-07 11:54:45,raise setpoint
2025-05-07 11:55:45,no action needed (unoccupied)
2025-05-07 11:56:45,lower setpoint
2025-05-07 11:57:45,raise setpoint
2025-05-07 11:58:45,no action needed (unoccupied)
2025-05-07 11:59:45,within comfort range
2025-05-07 12:00:45,lower setpoint (unoccupied)
2025-05-07 12:01:45,lower setpoint
2025-05-07 12:02:45,raise setpoint
2025-05-07 12:03:45,no action needed (unoccupied)
2025-05-07 12:04:45,lower setpoint
2025-05-07 12:05:45,raise setpoint
2025-05-07 12:06:45,no action needed (unoccupied)
2025-05-07 12:07:45,within comfort range
2025-05-07 12:08:45,lower setpoint (unoccupied)
2025-05-07 12:09:45,lower setpoint
2025-05-07 12:10:45,raise setpoint
2025-05-07 12:11:45,no action needed (unoccupied)
2025-05-07 12:12:45,lower setpoint
2025-05-07 12:13:45,raise setpoint
2025-05-07 12:14:45,no action needed (unoccupied)
2025-05-07 12:15:45,within comfort range
2025-05-07 12:16:45,lower setpoint (unoccupied)
2025-05-07 12:17:45,lower setpoint
2025-05-07 12:18:45,raise setpoint
2025-05-07 12:19:45,no action needed (unoccupied)
2025-05-07 12:20:45,lower setpoint
2025-05-07 12:21:45,raise setpoint
2025-05-07 12:22:45,no action needed (unoccupied)
2025-05-07 12:23:45,within comfort range
2025-05-07 12:24:45,lower setpoint (unoccupied)
2025-05-07 12:25:45,lower setpoint
2025-05-07 12:26:45,raise setpoint
2025-05-07 12:27:45,no action needed (unoccupied)
2025-05-07 12:28:45,lower setpoint
2025-05-07 12:29:45,raise setpoint
2025-05-07 12:30:45,no action needed (unoccupied)
2025-05-07 12:31:45,within comfort range
2025-05-07 12:32:45,lower setpoint (unoccupied)
2025-05-07 12:33:45,lower setpoint
2025-05-07 12:34:45,raise setpoint
2025-05-07 13:32:35,no action needed (unoccupied)
2025-05-07 13:33:35,lower setpoint
2025-05-07 13:34:35,raise setpoint
2025-05-07 13:35:35,no action needed (unoccupied)
2025-05-07 13:36:35,within comfort range
2025-05-07 13:37:35,lower setpoint (unoccupied)
2025-05-07 13:38:35,lower setpoint
2025-05-07 13:39:35,raise setpoint
2025-05-07 13:40:35,no action needed (unoccupied)
2025-05-07 13:41:35,lower setpoint
2025-05-07 13:42:35,raise setpoint
